running egg_info
writing /home/kluskeaj/Desktop/cs354/ros_package/build/my_package/my_package.egg-info/PKG-INFO
writing dependency_links to /home/kluskeaj/Desktop/cs354/ros_package/build/my_package/my_package.egg-info/dependency_links.txt
writing entry points to /home/kluskeaj/Desktop/cs354/ros_package/build/my_package/my_package.egg-info/entry_points.txt
writing requirements to /home/kluskeaj/Desktop/cs354/ros_package/build/my_package/my_package.egg-info/requires.txt
writing top-level names to /home/kluskeaj/Desktop/cs354/ros_package/build/my_package/my_package.egg-info/top_level.txt
reading manifest file '/home/kluskeaj/Desktop/cs354/ros_package/build/my_package/my_package.egg-info/SOURCES.txt'
writing manifest file '/home/kluskeaj/Desktop/cs354/ros_package/build/my_package/my_package.egg-info/SOURCES.txt'
running build
running build_py
running install
running install_lib
running install_data
copying package.xml -> /home/kluskeaj/Desktop/cs354/ros_package/install/my_package/share/my_package
running install_egg_info
removing '/home/kluskeaj/Desktop/cs354/ros_package/install/my_package/lib/python3.6/site-packages/my_package-0.0.0-py3.6.egg-info' (and everything under it)
Copying /home/kluskeaj/Desktop/cs354/ros_package/build/my_package/my_package.egg-info to /home/kluskeaj/Desktop/cs354/ros_package/install/my_package/lib/python3.6/site-packages/my_package-0.0.0-py3.6.egg-info
running install_scripts
Installing my_node script to /home/kluskeaj/Desktop/cs354/ros_package/install/my_package/lib/my_package
writing list of installed files to '/home/kluskeaj/Desktop/cs354/ros_package/build/my_package/install.log'
