[0.343s] Invoking command in '/home/kluskeaj/Desktop/cs354/ros_package/src/my_package': PYTHONPATH=/home/kluskeaj/Desktop/cs354/ros_package/install/my_package/lib/python3.6/site-packages:${PYTHONPATH} /usr/bin/python3 setup.py egg_info --egg-base /home/kluskeaj/Desktop/cs354/ros_package/build/my_package build --build-base /home/kluskeaj/Desktop/cs354/ros_package/build/my_package/build install --prefix /home/kluskeaj/Desktop/cs354/ros_package/install/my_package --record /home/kluskeaj/Desktop/cs354/ros_package/build/my_package/install.log --single-version-externally-managed
[0.630s] running egg_info
[0.631s] writing /home/kluskeaj/Desktop/cs354/ros_package/build/my_package/my_package.egg-info/PKG-INFO
[0.632s] writing dependency_links to /home/kluskeaj/Desktop/cs354/ros_package/build/my_package/my_package.egg-info/dependency_links.txt
[0.632s] writing entry points to /home/kluskeaj/Desktop/cs354/ros_package/build/my_package/my_package.egg-info/entry_points.txt
[0.633s] writing requirements to /home/kluskeaj/Desktop/cs354/ros_package/build/my_package/my_package.egg-info/requires.txt
[0.633s] writing top-level names to /home/kluskeaj/Desktop/cs354/ros_package/build/my_package/my_package.egg-info/top_level.txt
[0.690s] reading manifest file '/home/kluskeaj/Desktop/cs354/ros_package/build/my_package/my_package.egg-info/SOURCES.txt'
[0.693s] writing manifest file '/home/kluskeaj/Desktop/cs354/ros_package/build/my_package/my_package.egg-info/SOURCES.txt'
[0.693s] running build
[0.693s] running build_py
[0.694s] running install
[0.695s] running install_lib
[0.696s] running install_data
[0.697s] copying package.xml -> /home/kluskeaj/Desktop/cs354/ros_package/install/my_package/share/my_package
[0.697s] running install_egg_info
[0.699s] removing '/home/kluskeaj/Desktop/cs354/ros_package/install/my_package/lib/python3.6/site-packages/my_package-0.0.0-py3.6.egg-info' (and everything under it)
[0.699s] Copying /home/kluskeaj/Desktop/cs354/ros_package/build/my_package/my_package.egg-info to /home/kluskeaj/Desktop/cs354/ros_package/install/my_package/lib/python3.6/site-packages/my_package-0.0.0-py3.6.egg-info
[0.700s] running install_scripts
[0.728s] Installing my_node script to /home/kluskeaj/Desktop/cs354/ros_package/install/my_package/lib/my_package
[0.729s] writing list of installed files to '/home/kluskeaj/Desktop/cs354/ros_package/build/my_package/install.log'
[0.757s] Invoked command in '/home/kluskeaj/Desktop/cs354/ros_package/src/my_package' returned '0': PYTHONPATH=/home/kluskeaj/Desktop/cs354/ros_package/install/my_package/lib/python3.6/site-packages:${PYTHONPATH} /usr/bin/python3 setup.py egg_info --egg-base /home/kluskeaj/Desktop/cs354/ros_package/build/my_package build --build-base /home/kluskeaj/Desktop/cs354/ros_package/build/my_package/build install --prefix /home/kluskeaj/Desktop/cs354/ros_package/install/my_package --record /home/kluskeaj/Desktop/cs354/ros_package/build/my_package/install.log --single-version-externally-managed
