[0.335s] DEBUG:colcon:Command line arguments: ['/usr/bin/colcon', 'build']
[0.335s] DEBUG:colcon:Parsed command line arguments: Namespace(ament_cmake_args=None, base_paths=['.'], build_base='build', catkin_cmake_args=None, catkin_skip_building_tests=False, cmake_args=None, cmake_clean_cache=False, cmake_clean_first=False, cmake_force_configure=False, cmake_target=None, cmake_target_skip_unavailable=False, continue_on_error=False, event_handlers=None, executor='parallel', ignore_user_meta=False, install_base='install', log_base=None, log_level=None, main=<bound method BuildVerb.main of <colcon_core.verb.build.BuildVerb object at 0x7f329f23df28>>, merge_install=False, metas=['./colcon.meta'], packages_above=None, packages_above_and_dependencies=None, packages_above_depth=None, packages_end=None, packages_ignore=None, packages_ignore_regex=None, packages_select=None, packages_select_build_failed=False, packages_select_by_dep=None, packages_select_regex=None, packages_select_test_failures=False, packages_skip=None, packages_skip_build_finished=False, packages_skip_by_dep=None, packages_skip_regex=None, packages_skip_test_passed=False, packages_skip_up_to=None, packages_start=None, packages_up_to=None, packages_up_to_regex=None, parallel_workers=3, paths=None, symlink_install=False, test_result_base=None, verb_extension=<colcon_core.verb.build.BuildVerb object at 0x7f329f23df28>, verb_name='build', verb_parser=<colcon_defaults.argument_parser.defaults.DefaultArgumentsDecorator object at 0x7f329ef922e8>)
[0.373s] Level 1:colcon.colcon_core.package_discovery:discover_packages(colcon_meta) check parameters
[0.373s] Level 1:colcon.colcon_core.package_discovery:discover_packages(recursive) check parameters
[0.373s] Level 1:colcon.colcon_core.package_discovery:discover_packages(ignore) check parameters
[0.373s] Level 1:colcon.colcon_core.package_discovery:discover_packages(path) check parameters
[0.373s] Level 1:colcon.colcon_core.package_discovery:discover_packages(colcon_meta) discover
[0.374s] Level 1:colcon.colcon_core.package_discovery:discover_packages(recursive) discover
[0.374s] INFO:colcon.colcon_core.package_discovery:Crawling recursively for packages in '/home/kluskeaj/Desktop/cs354/ros_package'
[0.374s] Level 1:colcon.colcon_core.package_identification:_identify(.) by extensions ['ignore', 'ignore_ament_install']
[0.374s] Level 1:colcon.colcon_core.package_identification:_identify(.) by extension 'ignore'
[0.374s] Level 1:colcon.colcon_core.package_identification:_identify(.) by extension 'ignore_ament_install'
[0.374s] Level 1:colcon.colcon_core.package_identification:_identify(.) by extensions ['colcon_pkg']
[0.374s] Level 1:colcon.colcon_core.package_identification:_identify(.) by extension 'colcon_pkg'
[0.374s] Level 1:colcon.colcon_core.package_identification:_identify(.) by extensions ['colcon_meta']
[0.374s] Level 1:colcon.colcon_core.package_identification:_identify(.) by extension 'colcon_meta'
[0.375s] Level 1:colcon.colcon_core.package_identification:_identify(.) by extensions ['ros']
[0.375s] Level 1:colcon.colcon_core.package_identification:_identify(.) by extension 'ros'
[0.392s] Level 1:colcon.colcon_core.package_identification:_identify(.) by extensions ['cmake', 'python']
[0.392s] Level 1:colcon.colcon_core.package_identification:_identify(.) by extension 'cmake'
[0.392s] Level 1:colcon.colcon_core.package_identification:_identify(.) by extension 'python'
[0.392s] Level 1:colcon.colcon_core.package_identification:_identify(.) by extensions ['python_setup_py']
[0.392s] Level 1:colcon.colcon_core.package_identification:_identify(.) by extension 'python_setup_py'
[0.392s] Level 1:colcon.colcon_core.package_identification:_identify(build) by extensions ['ignore', 'ignore_ament_install']
[0.393s] Level 1:colcon.colcon_core.package_identification:_identify(build) by extension 'ignore'
[0.393s] Level 1:colcon.colcon_core.package_identification:_identify(build) ignored
[0.393s] Level 1:colcon.colcon_core.package_identification:_identify(install) by extensions ['ignore', 'ignore_ament_install']
[0.393s] Level 1:colcon.colcon_core.package_identification:_identify(install) by extension 'ignore'
[0.393s] Level 1:colcon.colcon_core.package_identification:_identify(install) ignored
[0.393s] Level 1:colcon.colcon_core.package_identification:_identify(log) by extensions ['ignore', 'ignore_ament_install']
[0.394s] Level 1:colcon.colcon_core.package_identification:_identify(log) by extension 'ignore'
[0.394s] Level 1:colcon.colcon_core.package_identification:_identify(log) ignored
[0.394s] Level 1:colcon.colcon_core.package_identification:_identify(src) by extensions ['ignore', 'ignore_ament_install']
[0.394s] Level 1:colcon.colcon_core.package_identification:_identify(src) by extension 'ignore'
[0.394s] Level 1:colcon.colcon_core.package_identification:_identify(src) by extension 'ignore_ament_install'
[0.394s] Level 1:colcon.colcon_core.package_identification:_identify(src) by extensions ['colcon_pkg']
[0.394s] Level 1:colcon.colcon_core.package_identification:_identify(src) by extension 'colcon_pkg'
[0.394s] Level 1:colcon.colcon_core.package_identification:_identify(src) by extensions ['colcon_meta']
[0.394s] Level 1:colcon.colcon_core.package_identification:_identify(src) by extension 'colcon_meta'
[0.394s] Level 1:colcon.colcon_core.package_identification:_identify(src) by extensions ['ros']
[0.394s] Level 1:colcon.colcon_core.package_identification:_identify(src) by extension 'ros'
[0.394s] Level 1:colcon.colcon_core.package_identification:_identify(src) by extensions ['cmake', 'python']
[0.394s] Level 1:colcon.colcon_core.package_identification:_identify(src) by extension 'cmake'
[0.394s] Level 1:colcon.colcon_core.package_identification:_identify(src) by extension 'python'
[0.395s] Level 1:colcon.colcon_core.package_identification:_identify(src) by extensions ['python_setup_py']
[0.395s] Level 1:colcon.colcon_core.package_identification:_identify(src) by extension 'python_setup_py'
[0.395s] Level 1:colcon.colcon_core.package_identification:_identify(src/my_package) by extensions ['ignore', 'ignore_ament_install']
[0.395s] Level 1:colcon.colcon_core.package_identification:_identify(src/my_package) by extension 'ignore'
[0.395s] Level 1:colcon.colcon_core.package_identification:_identify(src/my_package) by extension 'ignore_ament_install'
[0.395s] Level 1:colcon.colcon_core.package_identification:_identify(src/my_package) by extensions ['colcon_pkg']
[0.395s] Level 1:colcon.colcon_core.package_identification:_identify(src/my_package) by extension 'colcon_pkg'
[0.395s] Level 1:colcon.colcon_core.package_identification:_identify(src/my_package) by extensions ['colcon_meta']
[0.395s] Level 1:colcon.colcon_core.package_identification:_identify(src/my_package) by extension 'colcon_meta'
[0.395s] Level 1:colcon.colcon_core.package_identification:_identify(src/my_package) by extensions ['ros']
[0.395s] Level 1:colcon.colcon_core.package_identification:_identify(src/my_package) by extension 'ros'
[0.399s] DEBUG:colcon.colcon_core.package_identification:Package 'src/my_package' with type 'ros.ament_python' and name 'my_package'
[0.399s] Level 1:colcon.colcon_core.package_discovery:discover_packages(recursive) using defaults
[0.400s] Level 1:colcon.colcon_core.package_discovery:discover_packages(ignore) discover
[0.400s] Level 1:colcon.colcon_core.package_discovery:discover_packages(ignore) using defaults
[0.400s] Level 1:colcon.colcon_core.package_discovery:discover_packages(path) discover
[0.400s] Level 1:colcon.colcon_core.package_discovery:discover_packages(path) using defaults
[0.410s] Level 5:colcon.colcon_core.verb:set package 'my_package' build argument 'cmake_args' from command line to 'None'
[0.410s] Level 5:colcon.colcon_core.verb:set package 'my_package' build argument 'cmake_target' from command line to 'None'
[0.410s] Level 5:colcon.colcon_core.verb:set package 'my_package' build argument 'cmake_target_skip_unavailable' from command line to 'False'
[0.410s] Level 5:colcon.colcon_core.verb:set package 'my_package' build argument 'cmake_clean_cache' from command line to 'False'
[0.410s] Level 5:colcon.colcon_core.verb:set package 'my_package' build argument 'cmake_clean_first' from command line to 'False'
[0.410s] Level 5:colcon.colcon_core.verb:set package 'my_package' build argument 'cmake_force_configure' from command line to 'False'
[0.410s] Level 5:colcon.colcon_core.verb:set package 'my_package' build argument 'ament_cmake_args' from command line to 'None'
[0.410s] Level 5:colcon.colcon_core.verb:set package 'my_package' build argument 'catkin_cmake_args' from command line to 'None'
[0.410s] Level 5:colcon.colcon_core.verb:set package 'my_package' build argument 'catkin_skip_building_tests' from command line to 'False'
[0.411s] DEBUG:colcon.colcon_core.verb:Building package 'my_package' with the following arguments: {'ament_cmake_args': None, 'build_base': '/home/kluskeaj/Desktop/cs354/ros_package/build/my_package', 'catkin_cmake_args': None, 'catkin_skip_building_tests': False, 'cmake_args': None, 'cmake_clean_cache': False, 'cmake_clean_first': False, 'cmake_force_configure': False, 'cmake_target': None, 'cmake_target_skip_unavailable': False, 'install_base': '/home/kluskeaj/Desktop/cs354/ros_package/install/my_package', 'merge_install': False, 'path': '/home/kluskeaj/Desktop/cs354/ros_package/src/my_package', 'symlink_install': False, 'test_result_base': None}
[0.411s] INFO:colcon.colcon_core.executor:Executing jobs using 'parallel' executor
[0.414s] DEBUG:colcon.colcon_parallel_executor.executor.parallel:run_until_complete
[0.414s] INFO:colcon.colcon_ros.task.ament_python.build:Building ROS package in '/home/kluskeaj/Desktop/cs354/ros_package/src/my_package' with build type 'ament_python'
[0.414s] Level 1:colcon.colcon_core.shell:create_environment_hook('my_package', 'ament_prefix_path')
[0.422s] INFO:colcon.colcon_core.plugin_system:Skipping extension 'colcon_core.shell.bat': Not used on non-Windows systems
[0.423s] INFO:colcon.colcon_core.shell:Creating environment hook '/home/kluskeaj/Desktop/cs354/ros_package/install/my_package/share/my_package/hook/ament_prefix_path.ps1'
[0.424s] INFO:colcon.colcon_core.shell:Creating environment descriptor '/home/kluskeaj/Desktop/cs354/ros_package/install/my_package/share/my_package/hook/ament_prefix_path.dsv'
[0.425s] INFO:colcon.colcon_core.shell:Creating environment hook '/home/kluskeaj/Desktop/cs354/ros_package/install/my_package/share/my_package/hook/ament_prefix_path.sh'
[0.426s] INFO:colcon.colcon_core.shell:Skip shell extension 'powershell' for command environment: Not usable outside of PowerShell
[0.427s] DEBUG:colcon.colcon_core.shell:Skip shell extension 'dsv' for command environment
[0.431s] DEBUG:colcon.colcon_core.shell:Ignoring prefix path '/opt/ros/dashing'
[0.786s] INFO:colcon.colcon_core.task.python.build:Building Python package in '/home/kluskeaj/Desktop/cs354/ros_package/src/my_package'
[0.788s] INFO:colcon.colcon_core.shell:Skip shell extension 'powershell' for command environment: Not usable outside of PowerShell
[0.788s] DEBUG:colcon.colcon_core.shell:Skip shell extension 'dsv' for command environment
[0.791s] DEBUG:colcon.colcon_core.shell:Ignoring prefix path '/opt/ros/dashing'
[0.798s] DEBUG:colcon.colcon_core.event_handler.log_command:Invoking command in '/home/kluskeaj/Desktop/cs354/ros_package/src/my_package': PYTHONPATH=/home/kluskeaj/Desktop/cs354/ros_package/install/my_package/lib/python3.6/site-packages:${PYTHONPATH} /usr/bin/python3 setup.py egg_info --egg-base /home/kluskeaj/Desktop/cs354/ros_package/build/my_package build --build-base /home/kluskeaj/Desktop/cs354/ros_package/build/my_package/build install --prefix /home/kluskeaj/Desktop/cs354/ros_package/install/my_package --record /home/kluskeaj/Desktop/cs354/ros_package/build/my_package/install.log --single-version-externally-managed
[1.248s] DEBUG:colcon.colcon_core.event_handler.log_command:Invoked command in '/home/kluskeaj/Desktop/cs354/ros_package/src/my_package' returned '0': PYTHONPATH=/home/kluskeaj/Desktop/cs354/ros_package/install/my_package/lib/python3.6/site-packages:${PYTHONPATH} /usr/bin/python3 setup.py egg_info --egg-base /home/kluskeaj/Desktop/cs354/ros_package/build/my_package build --build-base /home/kluskeaj/Desktop/cs354/ros_package/build/my_package/build install --prefix /home/kluskeaj/Desktop/cs354/ros_package/install/my_package --record /home/kluskeaj/Desktop/cs354/ros_package/build/my_package/install.log --single-version-externally-managed
[1.256s] Level 1:colcon.colcon_core.environment:checking '/home/kluskeaj/Desktop/cs354/ros_package/install/my_package' for CMake module files
[1.257s] Level 1:colcon.colcon_core.environment:checking '/home/kluskeaj/Desktop/cs354/ros_package/install/my_package' for CMake config files
[1.260s] Level 1:colcon.colcon_core.environment:checking '/home/kluskeaj/Desktop/cs354/ros_package/install/my_package/lib'
[1.261s] Level 1:colcon.colcon_core.environment:checking '/home/kluskeaj/Desktop/cs354/ros_package/install/my_package/bin'
[1.261s] Level 1:colcon.colcon_core.environment:checking '/home/kluskeaj/Desktop/cs354/ros_package/install/my_package/lib/pkgconfig/my_package.pc'
[1.261s] Level 1:colcon.colcon_core.environment:checking '/home/kluskeaj/Desktop/cs354/ros_package/install/my_package/lib/python3.6/site-packages'
[1.261s] Level 1:colcon.colcon_core.shell:create_environment_hook('my_package', 'pythonpath')
[1.262s] INFO:colcon.colcon_core.shell:Creating environment hook '/home/kluskeaj/Desktop/cs354/ros_package/install/my_package/share/my_package/hook/pythonpath.ps1'
[1.262s] INFO:colcon.colcon_core.shell:Creating environment descriptor '/home/kluskeaj/Desktop/cs354/ros_package/install/my_package/share/my_package/hook/pythonpath.dsv'
[1.263s] INFO:colcon.colcon_core.shell:Creating environment hook '/home/kluskeaj/Desktop/cs354/ros_package/install/my_package/share/my_package/hook/pythonpath.sh'
[1.263s] Level 1:colcon.colcon_core.environment:create_environment_scripts_only(my_package)
[1.264s] INFO:colcon.colcon_core.shell:Creating package script '/home/kluskeaj/Desktop/cs354/ros_package/install/my_package/share/my_package/package.ps1'
[1.266s] INFO:colcon.colcon_core.shell:Creating package descriptor '/home/kluskeaj/Desktop/cs354/ros_package/install/my_package/share/my_package/package.dsv'
[1.267s] INFO:colcon.colcon_core.shell:Creating package script '/home/kluskeaj/Desktop/cs354/ros_package/install/my_package/share/my_package/package.sh'
[1.268s] INFO:colcon.colcon_core.shell:Creating package script '/home/kluskeaj/Desktop/cs354/ros_package/install/my_package/share/my_package/package.bash'
[1.270s] INFO:colcon.colcon_core.shell:Creating package script '/home/kluskeaj/Desktop/cs354/ros_package/install/my_package/share/my_package/package.zsh'
[1.273s] Level 1:colcon.colcon_core.environment:create_file_with_runtime_dependencies(/home/kluskeaj/Desktop/cs354/ros_package/install/my_package/share/colcon-core/packages/my_package)
[1.274s] DEBUG:colcon.colcon_parallel_executor.executor.parallel:closing loop
[1.275s] DEBUG:colcon.colcon_parallel_executor.executor.parallel:loop closed
[1.276s] DEBUG:colcon.colcon_parallel_executor.executor.parallel:run_until_complete finished with '0'
[1.276s] DEBUG:colcon.colcon_core.event_reactor:joining thread
[1.300s] INFO:colcon.colcon_core.plugin_system:Skipping extension 'colcon_notification.desktop_notification.terminal_notifier': Not used on non-Darwin systems
[1.300s] INFO:colcon.colcon_core.plugin_system:Skipping extension 'colcon_notification.desktop_notification.win32': Not used on non-Windows systems
[1.300s] INFO:colcon.colcon_notification.desktop_notification:Sending desktop notification using 'notify2'
[1.321s] DEBUG:colcon.colcon_core.event_reactor:joined thread
[1.323s] INFO:colcon.colcon_core.shell:Creating prefix script '/home/kluskeaj/Desktop/cs354/ros_package/install/local_setup.ps1'
[1.327s] INFO:colcon.colcon_core.shell:Creating prefix util module '/home/kluskeaj/Desktop/cs354/ros_package/install/_local_setup_util_ps1.py'
[1.330s] INFO:colcon.colcon_core.shell:Creating prefix chain script '/home/kluskeaj/Desktop/cs354/ros_package/install/setup.ps1'
[1.334s] INFO:colcon.colcon_core.shell:Creating prefix script '/home/kluskeaj/Desktop/cs354/ros_package/install/local_setup.sh'
[1.335s] INFO:colcon.colcon_core.shell:Creating prefix util module '/home/kluskeaj/Desktop/cs354/ros_package/install/_local_setup_util_sh.py'
[1.336s] INFO:colcon.colcon_core.shell:Creating prefix chain script '/home/kluskeaj/Desktop/cs354/ros_package/install/setup.sh'
[1.342s] INFO:colcon.colcon_core.shell:Creating prefix script '/home/kluskeaj/Desktop/cs354/ros_package/install/local_setup.bash'
[1.343s] INFO:colcon.colcon_core.shell:Creating prefix chain script '/home/kluskeaj/Desktop/cs354/ros_package/install/setup.bash'
[1.348s] INFO:colcon.colcon_core.shell:Creating prefix script '/home/kluskeaj/Desktop/cs354/ros_package/install/local_setup.zsh'
[1.349s] INFO:colcon.colcon_core.shell:Creating prefix chain script '/home/kluskeaj/Desktop/cs354/ros_package/install/setup.zsh'
