running egg_info
creating /home/kluskeaj/Desktop/cs354/ros_package/build/my_package/my_package.egg-info
writing /home/kluskeaj/Desktop/cs354/ros_package/build/my_package/my_package.egg-info/PKG-INFO
writing dependency_links to /home/kluskeaj/Desktop/cs354/ros_package/build/my_package/my_package.egg-info/dependency_links.txt
writing entry points to /home/kluskeaj/Desktop/cs354/ros_package/build/my_package/my_package.egg-info/entry_points.txt
writing requirements to /home/kluskeaj/Desktop/cs354/ros_package/build/my_package/my_package.egg-info/requires.txt
writing top-level names to /home/kluskeaj/Desktop/cs354/ros_package/build/my_package/my_package.egg-info/top_level.txt
writing manifest file '/home/kluskeaj/Desktop/cs354/ros_package/build/my_package/my_package.egg-info/SOURCES.txt'
reading manifest file '/home/kluskeaj/Desktop/cs354/ros_package/build/my_package/my_package.egg-info/SOURCES.txt'
writing manifest file '/home/kluskeaj/Desktop/cs354/ros_package/build/my_package/my_package.egg-info/SOURCES.txt'
running build
running build_py
creating /home/kluskeaj/Desktop/cs354/ros_package/build/my_package/build
creating /home/kluskeaj/Desktop/cs354/ros_package/build/my_package/build/lib
creating /home/kluskeaj/Desktop/cs354/ros_package/build/my_package/build/lib/my_package
copying my_package/__init__.py -> /home/kluskeaj/Desktop/cs354/ros_package/build/my_package/build/lib/my_package
copying my_package/my_node.py -> /home/kluskeaj/Desktop/cs354/ros_package/build/my_package/build/lib/my_package
running install
running install_lib
creating /home/kluskeaj/Desktop/cs354/ros_package/install/my_package/lib/python3.6/site-packages/my_package
copying /home/kluskeaj/Desktop/cs354/ros_package/build/my_package/build/lib/my_package/__init__.py -> /home/kluskeaj/Desktop/cs354/ros_package/install/my_package/lib/python3.6/site-packages/my_package
copying /home/kluskeaj/Desktop/cs354/ros_package/build/my_package/build/lib/my_package/my_node.py -> /home/kluskeaj/Desktop/cs354/ros_package/install/my_package/lib/python3.6/site-packages/my_package
byte-compiling /home/kluskeaj/Desktop/cs354/ros_package/install/my_package/lib/python3.6/site-packages/my_package/__init__.py to __init__.cpython-36.pyc
byte-compiling /home/kluskeaj/Desktop/cs354/ros_package/install/my_package/lib/python3.6/site-packages/my_package/my_node.py to my_node.cpython-36.pyc
running install_data
creating /home/kluskeaj/Desktop/cs354/ros_package/install/my_package/share/ament_index
creating /home/kluskeaj/Desktop/cs354/ros_package/install/my_package/share/ament_index/resource_index
creating /home/kluskeaj/Desktop/cs354/ros_package/install/my_package/share/ament_index/resource_index/packages
copying resource/my_package -> /home/kluskeaj/Desktop/cs354/ros_package/install/my_package/share/ament_index/resource_index/packages
copying package.xml -> /home/kluskeaj/Desktop/cs354/ros_package/install/my_package/share/my_package
running install_egg_info
Copying /home/kluskeaj/Desktop/cs354/ros_package/build/my_package/my_package.egg-info to /home/kluskeaj/Desktop/cs354/ros_package/install/my_package/lib/python3.6/site-packages/my_package-0.0.0-py3.6.egg-info
running install_scripts
Installing my_node script to /home/kluskeaj/Desktop/cs354/ros_package/install/my_package/lib/my_package
writing list of installed files to '/home/kluskeaj/Desktop/cs354/ros_package/build/my_package/install.log'
