[0.383s] Invoking command in '/home/kluskeaj/Desktop/cs354/ros_package/src/my_package': PYTHONPATH=/home/kluskeaj/Desktop/cs354/ros_package/install/my_package/lib/python3.6/site-packages:${PYTHONPATH} /usr/bin/python3 setup.py egg_info --egg-base /home/kluskeaj/Desktop/cs354/ros_package/build/my_package build --build-base /home/kluskeaj/Desktop/cs354/ros_package/build/my_package/build install --prefix /home/kluskeaj/Desktop/cs354/ros_package/install/my_package --record /home/kluskeaj/Desktop/cs354/ros_package/build/my_package/install.log --single-version-externally-managed
[0.694s] running egg_info
[0.695s] creating /home/kluskeaj/Desktop/cs354/ros_package/build/my_package/my_package.egg-info
[0.695s] writing /home/kluskeaj/Desktop/cs354/ros_package/build/my_package/my_package.egg-info/PKG-INFO
[0.695s] writing dependency_links to /home/kluskeaj/Desktop/cs354/ros_package/build/my_package/my_package.egg-info/dependency_links.txt
[0.696s] writing entry points to /home/kluskeaj/Desktop/cs354/ros_package/build/my_package/my_package.egg-info/entry_points.txt
[0.696s] writing requirements to /home/kluskeaj/Desktop/cs354/ros_package/build/my_package/my_package.egg-info/requires.txt
[0.696s] writing top-level names to /home/kluskeaj/Desktop/cs354/ros_package/build/my_package/my_package.egg-info/top_level.txt
[0.696s] writing manifest file '/home/kluskeaj/Desktop/cs354/ros_package/build/my_package/my_package.egg-info/SOURCES.txt'
[0.759s] reading manifest file '/home/kluskeaj/Desktop/cs354/ros_package/build/my_package/my_package.egg-info/SOURCES.txt'
[0.762s] writing manifest file '/home/kluskeaj/Desktop/cs354/ros_package/build/my_package/my_package.egg-info/SOURCES.txt'
[0.763s] running build
[0.763s] running build_py
[0.763s] creating /home/kluskeaj/Desktop/cs354/ros_package/build/my_package/build
[0.763s] creating /home/kluskeaj/Desktop/cs354/ros_package/build/my_package/build/lib
[0.763s] creating /home/kluskeaj/Desktop/cs354/ros_package/build/my_package/build/lib/my_package
[0.763s] copying my_package/__init__.py -> /home/kluskeaj/Desktop/cs354/ros_package/build/my_package/build/lib/my_package
[0.764s] copying my_package/my_node.py -> /home/kluskeaj/Desktop/cs354/ros_package/build/my_package/build/lib/my_package
[0.764s] running install
[0.764s] running install_lib
[0.765s] creating /home/kluskeaj/Desktop/cs354/ros_package/install/my_package/lib/python3.6/site-packages/my_package
[0.766s] copying /home/kluskeaj/Desktop/cs354/ros_package/build/my_package/build/lib/my_package/__init__.py -> /home/kluskeaj/Desktop/cs354/ros_package/install/my_package/lib/python3.6/site-packages/my_package
[0.766s] copying /home/kluskeaj/Desktop/cs354/ros_package/build/my_package/build/lib/my_package/my_node.py -> /home/kluskeaj/Desktop/cs354/ros_package/install/my_package/lib/python3.6/site-packages/my_package
[0.766s] byte-compiling /home/kluskeaj/Desktop/cs354/ros_package/install/my_package/lib/python3.6/site-packages/my_package/__init__.py to __init__.cpython-36.pyc
[0.766s] byte-compiling /home/kluskeaj/Desktop/cs354/ros_package/install/my_package/lib/python3.6/site-packages/my_package/my_node.py to my_node.cpython-36.pyc
[0.766s] running install_data
[0.767s] creating /home/kluskeaj/Desktop/cs354/ros_package/install/my_package/share/ament_index
[0.767s] creating /home/kluskeaj/Desktop/cs354/ros_package/install/my_package/share/ament_index/resource_index
[0.767s] creating /home/kluskeaj/Desktop/cs354/ros_package/install/my_package/share/ament_index/resource_index/packages
[0.768s] copying resource/my_package -> /home/kluskeaj/Desktop/cs354/ros_package/install/my_package/share/ament_index/resource_index/packages
[0.768s] copying package.xml -> /home/kluskeaj/Desktop/cs354/ros_package/install/my_package/share/my_package
[0.768s] running install_egg_info
[0.770s] Copying /home/kluskeaj/Desktop/cs354/ros_package/build/my_package/my_package.egg-info to /home/kluskeaj/Desktop/cs354/ros_package/install/my_package/lib/python3.6/site-packages/my_package-0.0.0-py3.6.egg-info
[0.771s] running install_scripts
[0.805s] Installing my_node script to /home/kluskeaj/Desktop/cs354/ros_package/install/my_package/lib/my_package
[0.805s] writing list of installed files to '/home/kluskeaj/Desktop/cs354/ros_package/build/my_package/install.log'
[0.833s] Invoked command in '/home/kluskeaj/Desktop/cs354/ros_package/src/my_package' returned '0': PYTHONPATH=/home/kluskeaj/Desktop/cs354/ros_package/install/my_package/lib/python3.6/site-packages:${PYTHONPATH} /usr/bin/python3 setup.py egg_info --egg-base /home/kluskeaj/Desktop/cs354/ros_package/build/my_package build --build-base /home/kluskeaj/Desktop/cs354/ros_package/build/my_package/build install --prefix /home/kluskeaj/Desktop/cs354/ros_package/install/my_package --record /home/kluskeaj/Desktop/cs354/ros_package/build/my_package/install.log --single-version-externally-managed
